<?xml version="1.0" encoding="UTF-8"?>
<testsuite xmlns:xsi="http://www.w3.org/2001/XMLSchema-instance" xsi:noNamespaceSchemaLocation="https://maven.apache.org/surefire/maven-surefire-plugin/xsd/surefire-test-report-3.0.xsd" version="3.0" name="TestSuite" time="6.452" tests="3" errors="0" skipped="0" failures="0">
  <properties>
    <property name="java.specification.version" value="19"/>
    <property name="webdriver.chrome.driver" value="/Users/3ando/.cache/selenium/chromedriver/mac-arm64/119.0.6045.105/chromedriver"/>
    <property name="sun.jnu.encoding" value="UTF-8"/>
    <property name="java.class.path" value="/Users/3ando/IdeaProjects/Selenium_framework_TodoApp/target/test-classes:/Users/3ando/IdeaProjects/Selenium_framework_TodoApp/target/classes:/Users/3ando/.m2/repository/org/testng/testng/7.8.0/testng-7.8.0.jar:/Users/3ando/.m2/repository/org/slf4j/slf4j-api/1.7.36/slf4j-api-1.7.36.jar:/Users/3ando/.m2/repository/com/beust/jcommander/1.82/jcommander-1.82.jar:/Users/3ando/.m2/repository/org/webjars/jquery/3.6.1/jquery-3.6.1.jar:/Users/3ando/.m2/repository/org/seleniumhq/selenium/selenium-java/4.15.0/selenium-java-4.15.0.jar:/Users/3ando/.m2/repository/org/seleniumhq/selenium/selenium-api/4.15.0/selenium-api-4.15.0.jar:/Users/3ando/.m2/repository/org/seleniumhq/selenium/selenium-chrome-driver/4.15.0/selenium-chrome-driver-4.15.0.jar:/Users/3ando/.m2/repository/com/google/auto/service/auto-service-annotations/1.1.1/auto-service-annotations-1.1.1.jar:/Users/3ando/.m2/repository/org/seleniumhq/selenium/selenium-chromium-driver/4.15.0/selenium-chromium-driver-4.15.0.jar:/Users/3ando/.m2/repository/org/seleniumhq/selenium/selenium-json/4.15.0/selenium-json-4.15.0.jar:/Users/3ando/.m2/repository/org/seleniumhq/selenium/selenium-manager/4.15.0/selenium-manager-4.15.0.jar:/Users/3ando/.m2/repository/org/seleniumhq/selenium/selenium-devtools-v117/4.15.0/selenium-devtools-v117-4.15.0.jar:/Users/3ando/.m2/repository/org/seleniumhq/selenium/selenium-devtools-v118/4.15.0/selenium-devtools-v118-4.15.0.jar:/Users/3ando/.m2/repository/org/seleniumhq/selenium/selenium-devtools-v119/4.15.0/selenium-devtools-v119-4.15.0.jar:/Users/3ando/.m2/repository/org/seleniumhq/selenium/selenium-devtools-v85/4.15.0/selenium-devtools-v85-4.15.0.jar:/Users/3ando/.m2/repository/org/seleniumhq/selenium/selenium-edge-driver/4.15.0/selenium-edge-driver-4.15.0.jar:/Users/3ando/.m2/repository/org/seleniumhq/selenium/selenium-firefox-driver/4.15.0/selenium-firefox-driver-4.15.0.jar:/Users/3ando/.m2/repository/org/seleniumhq/selenium/selenium-http/4.15.0/selenium-http-4.15.0.jar:/Users/3ando/.m2/repository/dev/failsafe/failsafe/3.3.2/failsafe-3.3.2.jar:/Users/3ando/.m2/repository/org/seleniumhq/selenium/selenium-ie-driver/4.15.0/selenium-ie-driver-4.15.0.jar:/Users/3ando/.m2/repository/org/seleniumhq/selenium/selenium-remote-driver/4.15.0/selenium-remote-driver-4.15.0.jar:/Users/3ando/.m2/repository/com/google/guava/guava/32.1.2-jre/guava-32.1.2-jre.jar:/Users/3ando/.m2/repository/com/google/guava/failureaccess/1.0.1/failureaccess-1.0.1.jar:/Users/3ando/.m2/repository/com/google/guava/listenablefuture/9999.0-empty-to-avoid-conflict-with-guava/listenablefuture-9999.0-empty-to-avoid-conflict-with-guava.jar:/Users/3ando/.m2/repository/com/google/code/findbugs/jsr305/3.0.2/jsr305-3.0.2.jar:/Users/3ando/.m2/repository/org/checkerframework/checker-qual/3.33.0/checker-qual-3.33.0.jar:/Users/3ando/.m2/repository/com/google/errorprone/error_prone_annotations/2.18.0/error_prone_annotations-2.18.0.jar:/Users/3ando/.m2/repository/com/google/j2objc/j2objc-annotations/2.8/j2objc-annotations-2.8.jar:/Users/3ando/.m2/repository/io/opentelemetry/opentelemetry-api/1.28.0/opentelemetry-api-1.28.0.jar:/Users/3ando/.m2/repository/io/opentelemetry/opentelemetry-context/1.28.0/opentelemetry-context-1.28.0.jar:/Users/3ando/.m2/repository/io/opentelemetry/opentelemetry-exporter-logging/1.28.0/opentelemetry-exporter-logging-1.28.0.jar:/Users/3ando/.m2/repository/io/opentelemetry/opentelemetry-sdk-metrics/1.28.0/opentelemetry-sdk-metrics-1.28.0.jar:/Users/3ando/.m2/repository/io/opentelemetry/opentelemetry-extension-incubator/1.28.0-alpha/opentelemetry-extension-incubator-1.28.0-alpha.jar:/Users/3ando/.m2/repository/io/opentelemetry/opentelemetry-sdk-logs/1.28.0/opentelemetry-sdk-logs-1.28.0.jar:/Users/3ando/.m2/repository/io/opentelemetry/opentelemetry-sdk-common/1.28.0/opentelemetry-sdk-common-1.28.0.jar:/Users/3ando/.m2/repository/io/opentelemetry/opentelemetry-sdk-extension-autoconfigure-spi/1.28.0/opentelemetry-sdk-extension-autoconfigure-spi-1.28.0.jar:/Users/3ando/.m2/repository/io/opentelemetry/opentelemetry-sdk-extension-autoconfigure/1.28.0/opentelemetry-sdk-extension-autoconfigure-1.28.0.jar:/Users/3ando/.m2/repository/io/opentelemetry/opentelemetry-api-events/1.28.0-alpha/opentelemetry-api-events-1.28.0-alpha.jar:/Users/3ando/.m2/repository/io/opentelemetry/opentelemetry-sdk-trace/1.28.0/opentelemetry-sdk-trace-1.28.0.jar:/Users/3ando/.m2/repository/io/opentelemetry/opentelemetry-sdk/1.28.0/opentelemetry-sdk-1.28.0.jar:/Users/3ando/.m2/repository/io/opentelemetry/opentelemetry-semconv/1.28.0-alpha/opentelemetry-semconv-1.28.0-alpha.jar:/Users/3ando/.m2/repository/net/bytebuddy/byte-buddy/1.14.5/byte-buddy-1.14.5.jar:/Users/3ando/.m2/repository/org/seleniumhq/selenium/selenium-os/4.15.0/selenium-os-4.15.0.jar:/Users/3ando/.m2/repository/org/apache/commons/commons-exec/1.3/commons-exec-1.3.jar:/Users/3ando/.m2/repository/org/seleniumhq/selenium/selenium-safari-driver/4.15.0/selenium-safari-driver-4.15.0.jar:/Users/3ando/.m2/repository/org/seleniumhq/selenium/selenium-support/4.15.0/selenium-support-4.15.0.jar:/Users/3ando/.m2/repository/io/github/bonigarcia/webdrivermanager/5.6.2/webdrivermanager-5.6.2.jar:/Users/3ando/.m2/repository/com/google/code/gson/gson/2.10.1/gson-2.10.1.jar:/Users/3ando/.m2/repository/com/github/docker-java/docker-java/3.3.4/docker-java-3.3.4.jar:/Users/3ando/.m2/repository/com/github/docker-java/docker-java-core/3.3.4/docker-java-core-3.3.4.jar:/Users/3ando/.m2/repository/com/github/docker-java/docker-java-api/3.3.4/docker-java-api-3.3.4.jar:/Users/3ando/.m2/repository/com/fasterxml/jackson/core/jackson-annotations/2.10.3/jackson-annotations-2.10.3.jar:/Users/3ando/.m2/repository/commons-io/commons-io/2.13.0/commons-io-2.13.0.jar:/Users/3ando/.m2/repository/com/fasterxml/jackson/core/jackson-databind/2.10.3/jackson-databind-2.10.3.jar:/Users/3ando/.m2/repository/com/fasterxml/jackson/core/jackson-core/2.10.3/jackson-core-2.10.3.jar:/Users/3ando/.m2/repository/org/bouncycastle/bcpkix-jdk18on/1.76/bcpkix-jdk18on-1.76.jar:/Users/3ando/.m2/repository/org/bouncycastle/bcprov-jdk18on/1.76/bcprov-jdk18on-1.76.jar:/Users/3ando/.m2/repository/org/bouncycastle/bcutil-jdk18on/1.76/bcutil-jdk18on-1.76.jar:/Users/3ando/.m2/repository/org/slf4j/jcl-over-slf4j/1.7.30/jcl-over-slf4j-1.7.30.jar:/Users/3ando/.m2/repository/com/github/docker-java/docker-java-transport-httpclient5/3.3.4/docker-java-transport-httpclient5-3.3.4.jar:/Users/3ando/.m2/repository/com/github/docker-java/docker-java-transport/3.3.4/docker-java-transport-3.3.4.jar:/Users/3ando/.m2/repository/net/java/dev/jna/jna/5.13.0/jna-5.13.0.jar:/Users/3ando/.m2/repository/org/brotli/dec/0.1.2/dec-0.1.2.jar:/Users/3ando/.m2/repository/org/apache/commons/commons-lang3/3.13.0/commons-lang3-3.13.0.jar:/Users/3ando/.m2/repository/org/apache/commons/commons-compress/1.24.0/commons-compress-1.24.0.jar:/Users/3ando/.m2/repository/org/apache/httpcomponents/client5/httpclient5/5.2.1/httpclient5-5.2.1.jar:/Users/3ando/.m2/repository/org/apache/httpcomponents/core5/httpcore5/5.2/httpcore5-5.2.jar:/Users/3ando/.m2/repository/org/apache/httpcomponents/core5/httpcore5-h2/5.2/httpcore5-h2-5.2.jar:/Users/3ando/.m2/repository/io/rest-assured/rest-assured/5.3.2/rest-assured-5.3.2.jar:/Users/3ando/.m2/repository/org/apache/groovy/groovy/4.0.11/groovy-4.0.11.jar:/Users/3ando/.m2/repository/org/apache/groovy/groovy-xml/4.0.11/groovy-xml-4.0.11.jar:/Users/3ando/.m2/repository/org/apache/httpcomponents/httpclient/4.5.13/httpclient-4.5.13.jar:/Users/3ando/.m2/repository/org/apache/httpcomponents/httpcore/4.4.13/httpcore-4.4.13.jar:/Users/3ando/.m2/repository/commons-logging/commons-logging/1.2/commons-logging-1.2.jar:/Users/3ando/.m2/repository/commons-codec/commons-codec/1.11/commons-codec-1.11.jar:/Users/3ando/.m2/repository/org/apache/httpcomponents/httpmime/4.5.13/httpmime-4.5.13.jar:/Users/3ando/.m2/repository/org/hamcrest/hamcrest/2.2/hamcrest-2.2.jar:/Users/3ando/.m2/repository/org/ccil/cowan/tagsoup/tagsoup/1.2.1/tagsoup-1.2.1.jar:/Users/3ando/.m2/repository/io/rest-assured/json-path/5.3.2/json-path-5.3.2.jar:/Users/3ando/.m2/repository/org/apache/groovy/groovy-json/4.0.11/groovy-json-4.0.11.jar:/Users/3ando/.m2/repository/io/rest-assured/rest-assured-common/5.3.2/rest-assured-common-5.3.2.jar:/Users/3ando/.m2/repository/io/rest-assured/xml-path/5.3.2/xml-path-5.3.2.jar:/Users/3ando/.m2/repository/com/github/javafaker/javafaker/1.0.2/javafaker-1.0.2.jar:/Users/3ando/.m2/repository/org/yaml/snakeyaml/1.23/snakeyaml-1.23-android.jar:/Users/3ando/.m2/repository/com/github/mifmif/generex/1.0.2/generex-1.0.2.jar:/Users/3ando/.m2/repository/dk/brics/automaton/automaton/1.11-8/automaton-1.11-8.jar:/Users/3ando/.m2/repository/io/qameta/allure/allure-testng/2.24.0/allure-testng-2.24.0.jar:/Users/3ando/.m2/repository/io/qameta/allure/allure-java-commons/2.24.0/allure-java-commons-2.24.0.jar:/Users/3ando/.m2/repository/io/qameta/allure/allure-model/2.24.0/allure-model-2.24.0.jar:/Users/3ando/.m2/repository/io/qameta/allure/allure-test-filter/2.24.0/allure-test-filter-2.24.0.jar:/Users/3ando/.m2/repository/org/aspectj/aspectjweaver/1.9.20.1/aspectjweaver-1.9.20.1.jar:"/>
    <property name="java.vm.vendor" value="Oracle Corporation"/>
    <property name="sun.arch.data.model" value="64"/>
    <property name="java.vendor.url" value="https://java.oracle.com/"/>
    <property name="user.timezone" value="Africa/Cairo"/>
    <property name="os.name" value="Mac OS X"/>
    <property name="java.vm.specification.version" value="19"/>
    <property name="sun.java.launcher" value="SUN_STANDARD"/>
    <property name="user.country" value="EG"/>
    <property name="sun.boot.library.path" value="/Library/Java/JavaVirtualMachines/jdk-19.jdk/Contents/Home/lib"/>
    <property name="sun.java.command" value="/Users/3ando/IdeaProjects/Selenium_framework_TodoApp/target/surefire/surefirebooter-20231118043359265_3.jar /Users/3ando/IdeaProjects/Selenium_framework_TodoApp/target/surefire 2023-11-18T04-33-59_226-jvmRun1 surefire-20231118043359265_1tmp surefire_0-20231118043359265_2tmp"/>
    <property name="http.nonProxyHosts" value="local|*.local|169.254/16|*.169.254/16"/>
    <property name="jdk.debug" value="release"/>
    <property name="surefire.test.class.path" value="/Users/3ando/IdeaProjects/Selenium_framework_TodoApp/target/test-classes:/Users/3ando/IdeaProjects/Selenium_framework_TodoApp/target/classes:/Users/3ando/.m2/repository/org/testng/testng/7.8.0/testng-7.8.0.jar:/Users/3ando/.m2/repository/org/slf4j/slf4j-api/1.7.36/slf4j-api-1.7.36.jar:/Users/3ando/.m2/repository/com/beust/jcommander/1.82/jcommander-1.82.jar:/Users/3ando/.m2/repository/org/webjars/jquery/3.6.1/jquery-3.6.1.jar:/Users/3ando/.m2/repository/org/seleniumhq/selenium/selenium-java/4.15.0/selenium-java-4.15.0.jar:/Users/3ando/.m2/repository/org/seleniumhq/selenium/selenium-api/4.15.0/selenium-api-4.15.0.jar:/Users/3ando/.m2/repository/org/seleniumhq/selenium/selenium-chrome-driver/4.15.0/selenium-chrome-driver-4.15.0.jar:/Users/3ando/.m2/repository/com/google/auto/service/auto-service-annotations/1.1.1/auto-service-annotations-1.1.1.jar:/Users/3ando/.m2/repository/org/seleniumhq/selenium/selenium-chromium-driver/4.15.0/selenium-chromium-driver-4.15.0.jar:/Users/3ando/.m2/repository/org/seleniumhq/selenium/selenium-json/4.15.0/selenium-json-4.15.0.jar:/Users/3ando/.m2/repository/org/seleniumhq/selenium/selenium-manager/4.15.0/selenium-manager-4.15.0.jar:/Users/3ando/.m2/repository/org/seleniumhq/selenium/selenium-devtools-v117/4.15.0/selenium-devtools-v117-4.15.0.jar:/Users/3ando/.m2/repository/org/seleniumhq/selenium/selenium-devtools-v118/4.15.0/selenium-devtools-v118-4.15.0.jar:/Users/3ando/.m2/repository/org/seleniumhq/selenium/selenium-devtools-v119/4.15.0/selenium-devtools-v119-4.15.0.jar:/Users/3ando/.m2/repository/org/seleniumhq/selenium/selenium-devtools-v85/4.15.0/selenium-devtools-v85-4.15.0.jar:/Users/3ando/.m2/repository/org/seleniumhq/selenium/selenium-edge-driver/4.15.0/selenium-edge-driver-4.15.0.jar:/Users/3ando/.m2/repository/org/seleniumhq/selenium/selenium-firefox-driver/4.15.0/selenium-firefox-driver-4.15.0.jar:/Users/3ando/.m2/repository/org/seleniumhq/selenium/selenium-http/4.15.0/selenium-http-4.15.0.jar:/Users/3ando/.m2/repository/dev/failsafe/failsafe/3.3.2/failsafe-3.3.2.jar:/Users/3ando/.m2/repository/org/seleniumhq/selenium/selenium-ie-driver/4.15.0/selenium-ie-driver-4.15.0.jar:/Users/3ando/.m2/repository/org/seleniumhq/selenium/selenium-remote-driver/4.15.0/selenium-remote-driver-4.15.0.jar:/Users/3ando/.m2/repository/com/google/guava/guava/32.1.2-jre/guava-32.1.2-jre.jar:/Users/3ando/.m2/repository/com/google/guava/failureaccess/1.0.1/failureaccess-1.0.1.jar:/Users/3ando/.m2/repository/com/google/guava/listenablefuture/9999.0-empty-to-avoid-conflict-with-guava/listenablefuture-9999.0-empty-to-avoid-conflict-with-guava.jar:/Users/3ando/.m2/repository/com/google/code/findbugs/jsr305/3.0.2/jsr305-3.0.2.jar:/Users/3ando/.m2/repository/org/checkerframework/checker-qual/3.33.0/checker-qual-3.33.0.jar:/Users/3ando/.m2/repository/com/google/errorprone/error_prone_annotations/2.18.0/error_prone_annotations-2.18.0.jar:/Users/3ando/.m2/repository/com/google/j2objc/j2objc-annotations/2.8/j2objc-annotations-2.8.jar:/Users/3ando/.m2/repository/io/opentelemetry/opentelemetry-api/1.28.0/opentelemetry-api-1.28.0.jar:/Users/3ando/.m2/repository/io/opentelemetry/opentelemetry-context/1.28.0/opentelemetry-context-1.28.0.jar:/Users/3ando/.m2/repository/io/opentelemetry/opentelemetry-exporter-logging/1.28.0/opentelemetry-exporter-logging-1.28.0.jar:/Users/3ando/.m2/repository/io/opentelemetry/opentelemetry-sdk-metrics/1.28.0/opentelemetry-sdk-metrics-1.28.0.jar:/Users/3ando/.m2/repository/io/opentelemetry/opentelemetry-extension-incubator/1.28.0-alpha/opentelemetry-extension-incubator-1.28.0-alpha.jar:/Users/3ando/.m2/repository/io/opentelemetry/opentelemetry-sdk-logs/1.28.0/opentelemetry-sdk-logs-1.28.0.jar:/Users/3ando/.m2/repository/io/opentelemetry/opentelemetry-sdk-common/1.28.0/opentelemetry-sdk-common-1.28.0.jar:/Users/3ando/.m2/repository/io/opentelemetry/opentelemetry-sdk-extension-autoconfigure-spi/1.28.0/opentelemetry-sdk-extension-autoconfigure-spi-1.28.0.jar:/Users/3ando/.m2/repository/io/opentelemetry/opentelemetry-sdk-extension-autoconfigure/1.28.0/opentelemetry-sdk-extension-autoconfigure-1.28.0.jar:/Users/3ando/.m2/repository/io/opentelemetry/opentelemetry-api-events/1.28.0-alpha/opentelemetry-api-events-1.28.0-alpha.jar:/Users/3ando/.m2/repository/io/opentelemetry/opentelemetry-sdk-trace/1.28.0/opentelemetry-sdk-trace-1.28.0.jar:/Users/3ando/.m2/repository/io/opentelemetry/opentelemetry-sdk/1.28.0/opentelemetry-sdk-1.28.0.jar:/Users/3ando/.m2/repository/io/opentelemetry/opentelemetry-semconv/1.28.0-alpha/opentelemetry-semconv-1.28.0-alpha.jar:/Users/3ando/.m2/repository/net/bytebuddy/byte-buddy/1.14.5/byte-buddy-1.14.5.jar:/Users/3ando/.m2/repository/org/seleniumhq/selenium/selenium-os/4.15.0/selenium-os-4.15.0.jar:/Users/3ando/.m2/repository/org/apache/commons/commons-exec/1.3/commons-exec-1.3.jar:/Users/3ando/.m2/repository/org/seleniumhq/selenium/selenium-safari-driver/4.15.0/selenium-safari-driver-4.15.0.jar:/Users/3ando/.m2/repository/org/seleniumhq/selenium/selenium-support/4.15.0/selenium-support-4.15.0.jar:/Users/3ando/.m2/repository/io/github/bonigarcia/webdrivermanager/5.6.2/webdrivermanager-5.6.2.jar:/Users/3ando/.m2/repository/com/google/code/gson/gson/2.10.1/gson-2.10.1.jar:/Users/3ando/.m2/repository/com/github/docker-java/docker-java/3.3.4/docker-java-3.3.4.jar:/Users/3ando/.m2/repository/com/github/docker-java/docker-java-core/3.3.4/docker-java-core-3.3.4.jar:/Users/3ando/.m2/repository/com/github/docker-java/docker-java-api/3.3.4/docker-java-api-3.3.4.jar:/Users/3ando/.m2/repository/com/fasterxml/jackson/core/jackson-annotations/2.10.3/jackson-annotations-2.10.3.jar:/Users/3ando/.m2/repository/commons-io/commons-io/2.13.0/commons-io-2.13.0.jar:/Users/3ando/.m2/repository/com/fasterxml/jackson/core/jackson-databind/2.10.3/jackson-databind-2.10.3.jar:/Users/3ando/.m2/repository/com/fasterxml/jackson/core/jackson-core/2.10.3/jackson-core-2.10.3.jar:/Users/3ando/.m2/repository/org/bouncycastle/bcpkix-jdk18on/1.76/bcpkix-jdk18on-1.76.jar:/Users/3ando/.m2/repository/org/bouncycastle/bcprov-jdk18on/1.76/bcprov-jdk18on-1.76.jar:/Users/3ando/.m2/repository/org/bouncycastle/bcutil-jdk18on/1.76/bcutil-jdk18on-1.76.jar:/Users/3ando/.m2/repository/org/slf4j/jcl-over-slf4j/1.7.30/jcl-over-slf4j-1.7.30.jar:/Users/3ando/.m2/repository/com/github/docker-java/docker-java-transport-httpclient5/3.3.4/docker-java-transport-httpclient5-3.3.4.jar:/Users/3ando/.m2/repository/com/github/docker-java/docker-java-transport/3.3.4/docker-java-transport-3.3.4.jar:/Users/3ando/.m2/repository/net/java/dev/jna/jna/5.13.0/jna-5.13.0.jar:/Users/3ando/.m2/repository/org/brotli/dec/0.1.2/dec-0.1.2.jar:/Users/3ando/.m2/repository/org/apache/commons/commons-lang3/3.13.0/commons-lang3-3.13.0.jar:/Users/3ando/.m2/repository/org/apache/commons/commons-compress/1.24.0/commons-compress-1.24.0.jar:/Users/3ando/.m2/repository/org/apache/httpcomponents/client5/httpclient5/5.2.1/httpclient5-5.2.1.jar:/Users/3ando/.m2/repository/org/apache/httpcomponents/core5/httpcore5/5.2/httpcore5-5.2.jar:/Users/3ando/.m2/repository/org/apache/httpcomponents/core5/httpcore5-h2/5.2/httpcore5-h2-5.2.jar:/Users/3ando/.m2/repository/io/rest-assured/rest-assured/5.3.2/rest-assured-5.3.2.jar:/Users/3ando/.m2/repository/org/apache/groovy/groovy/4.0.11/groovy-4.0.11.jar:/Users/3ando/.m2/repository/org/apache/groovy/groovy-xml/4.0.11/groovy-xml-4.0.11.jar:/Users/3ando/.m2/repository/org/apache/httpcomponents/httpclient/4.5.13/httpclient-4.5.13.jar:/Users/3ando/.m2/repository/org/apache/httpcomponents/httpcore/4.4.13/httpcore-4.4.13.jar:/Users/3ando/.m2/repository/commons-logging/commons-logging/1.2/commons-logging-1.2.jar:/Users/3ando/.m2/repository/commons-codec/commons-codec/1.11/commons-codec-1.11.jar:/Users/3ando/.m2/repository/org/apache/httpcomponents/httpmime/4.5.13/httpmime-4.5.13.jar:/Users/3ando/.m2/repository/org/hamcrest/hamcrest/2.2/hamcrest-2.2.jar:/Users/3ando/.m2/repository/org/ccil/cowan/tagsoup/tagsoup/1.2.1/tagsoup-1.2.1.jar:/Users/3ando/.m2/repository/io/rest-assured/json-path/5.3.2/json-path-5.3.2.jar:/Users/3ando/.m2/repository/org/apache/groovy/groovy-json/4.0.11/groovy-json-4.0.11.jar:/Users/3ando/.m2/repository/io/rest-assured/rest-assured-common/5.3.2/rest-assured-common-5.3.2.jar:/Users/3ando/.m2/repository/io/rest-assured/xml-path/5.3.2/xml-path-5.3.2.jar:/Users/3ando/.m2/repository/com/github/javafaker/javafaker/1.0.2/javafaker-1.0.2.jar:/Users/3ando/.m2/repository/org/yaml/snakeyaml/1.23/snakeyaml-1.23-android.jar:/Users/3ando/.m2/repository/com/github/mifmif/generex/1.0.2/generex-1.0.2.jar:/Users/3ando/.m2/repository/dk/brics/automaton/automaton/1.11-8/automaton-1.11-8.jar:/Users/3ando/.m2/repository/io/qameta/allure/allure-testng/2.24.0/allure-testng-2.24.0.jar:/Users/3ando/.m2/repository/io/qameta/allure/allure-java-commons/2.24.0/allure-java-commons-2.24.0.jar:/Users/3ando/.m2/repository/io/qameta/allure/allure-model/2.24.0/allure-model-2.24.0.jar:/Users/3ando/.m2/repository/io/qameta/allure/allure-test-filter/2.24.0/allure-test-filter-2.24.0.jar:/Users/3ando/.m2/repository/org/aspectj/aspectjweaver/1.9.20.1/aspectjweaver-1.9.20.1.jar:"/>
    <property name="sun.cpu.endian" value="little"/>
    <property name="user.home" value="/Users/3ando"/>
    <property name="user.language" value="en"/>
    <property name="java.specification.vendor" value="Oracle Corporation"/>
    <property name="java.version.date" value="2022-10-18"/>
    <property name="java.home" value="/Library/Java/JavaVirtualMachines/jdk-19.jdk/Contents/Home"/>
    <property name="file.separator" value="/"/>
    <property name="basedir" value="/Users/3ando/IdeaProjects/Selenium_framework_TodoApp"/>
    <property name="java.vm.compressedOopsMode" value="Zero based"/>
    <property name="line.separator" value="&#10;"/>
    <property name="java.vm.specification.vendor" value="Oracle Corporation"/>
    <property name="java.specification.name" value="Java Platform API Specification"/>
    <property name="apple.awt.application.name" value="ForkedBooter"/>
    <property name="surefire.real.class.path" value="/Users/3ando/IdeaProjects/Selenium_framework_TodoApp/target/surefire/surefirebooter-20231118043359265_3.jar"/>
    <property name="sun.management.compiler" value="HotSpot 64-Bit Tiered Compilers"/>
    <property name="ftp.nonProxyHosts" value="local|*.local|169.254/16|*.169.254/16"/>
    <property name="java.runtime.version" value="19.0.1+10-21"/>
    <property name="user.name" value="3ando"/>
    <property name="stdout.encoding" value="UTF-8"/>
    <property name="path.separator" value=":"/>
    <property name="os.version" value="14.1.1"/>
    <property name="java.runtime.name" value="Java(TM) SE Runtime Environment"/>
    <property name="file.encoding" value="UTF-8"/>
    <property name="java.vm.name" value="Java HotSpot(TM) 64-Bit Server VM"/>
    <property name="localRepository" value="/Users/3ando/.m2/repository"/>
    <property name="java.vendor.url.bug" value="https://bugreport.java.com/bugreport/"/>
    <property name="java.io.tmpdir" value="/var/folders/k3/gz0sn2zs035by18vn07jtc200000gn/T/"/>
    <property name="java.version" value="19.0.1"/>
    <property name="user.dir" value="/Users/3ando/IdeaProjects/Selenium_framework_TodoApp"/>
    <property name="os.arch" value="aarch64"/>
    <property name="java.vm.specification.name" value="Java Virtual Machine Specification"/>
    <property name="native.encoding" value="UTF-8"/>
    <property name="java.library.path" value="/Users/3ando/Library/Java/Extensions:/Library/Java/Extensions:/Network/Library/Java/Extensions:/System/Library/Java/Extensions:/usr/lib/java:."/>
    <property name="java.vm.info" value="mixed mode, sharing"/>
    <property name="stderr.encoding" value="UTF-8"/>
    <property name="java.vendor" value="Oracle Corporation"/>
    <property name="java.vm.version" value="19.0.1+10-21"/>
    <property name="sun.io.unicode.encoding" value="UnicodeBig"/>
    <property name="socksNonProxyHosts" value="local|*.local|169.254/16|*.169.254/16"/>
    <property name="java.class.version" value="63.0"/>
  </properties>
  <testcase name="shouldBeAbleToLoginWithEmailAndPassword" classname="com.qacart.todo.tastcases.LoginTest" time="1.339">
    <system-out><![CDATA[Request method:	POST
Request URI:	https://todo.qacart.com/api/v1/users/register
Proxy:			<none>
Request params:	<none>
Query params:	<none>
Form params:	<none>
Path params:	<none>
Headers:		Accept=*/*
				Content-Type=application/json
Cookies:		<none>
Multiparts:		<none>
Body:
{
    "email": "regenia.braun@gmail.com",
    "password": "f40lhzjdle3",
    "firstName": "Chester",
    "lastName": "Abbott"
}
Request method:	POST
Request URI:	https://todo.qacart.com/api/v1/users/register
Proxy:			<none>
Request params:	<none>
Query params:	<none>
Form params:	<none>
Path params:	<none>
Headers:		Accept=*/*
				Content-Type=application/json
Cookies:		<none>
Multiparts:		<none>
Body:
{
    "email": "wilma.jerde@gmail.com",
    "password": "96app7z92654s",
    "firstName": "Luciana",
    "lastName": "Romaguera"
}
]]></system-out>
    <system-err><![CDATA[SLF4J: Failed to load class "org.slf4j.impl.StaticLoggerBinder".
SLF4J: Defaulting to no-operation (NOP) logger implementation
SLF4J: See http://www.slf4j.org/codes.html#StaticLoggerBinder for further details.
]]></system-err>
  </testcase>
  <testcase name="shouldBeAbleToAddNewTodo" classname="com.qacart.todo.tastcases.TodoTest" time="3.538">
    <system-out><![CDATA[HTTP/1.1 201 Created
Server: Cowboy
Report-To: {"group":"heroku-nel","max_age":3600,"endpoints":[{"url":"https://nel.heroku.com/reports?ts=1700274843&sid=812dcc77-0bd0-43b1-a5f1-b25750382959&s=vJmf5XQOvq5p5sObZhKOrpHUjPIyxpLkkvLKslmAdkI%3D"}]}
Reporting-Endpoints: heroku-nel=https://nel.heroku.com/reports?ts=1700274843&sid=812dcc77-0bd0-43b1-a5f1-b25750382959&s=vJmf5XQOvq5p5sObZhKOrpHUjPIyxpLkkvLKslmAdkI%3D
Nel: {"report_to":"heroku-nel","max_age":3600,"success_fraction":0.005,"failure_fraction":0.05,"response_headers":["Via"]}
Connection: keep-alive
X-Powered-By: Express
Access-Control-Allow-Origin: *
Set-Cookie: access_token=eyJhbGciOiJIUzI1NiIsInR5cCI6IkpXVCJ9.eyJpZCI6IjY1NTgyMjliNDJiZDcwMDAxNGZkNWVjMiIsImZpcnN0TmFtZSI6Ikx1Y2lhbmEiLCJsYXN0TmFtZSI6IlJvbWFndWVyYSIsImlhdCI6MTcwMDI3NDg0M30.ruacTjs35Zr7mluP9ObbOmjhsAf6wo_ToiWAXUWeUlw; Path=/
Set-Cookie: userID=j%3A%226558229b42bd700014fd5ec2%22; Path=/
Set-Cookie: firstName=Luciana; Path=/
Content-Type: application/json; charset=utf-8
Content-Length: 285
Etag: W/"11d-3oDs6JFEhdWJ3yr94Q3iJ5dfN9Y"
Date: Sat, 18 Nov 2023 02:34:03 GMT
Via: 1.1 vegur

{
    "access_token": "eyJhbGciOiJIUzI1NiIsInR5cCI6IkpXVCJ9.eyJpZCI6IjY1NTgyMjliNDJiZDcwMDAxNGZkNWVjMiIsImZpcnN0TmFtZSI6Ikx1Y2lhbmEiLCJsYXN0TmFtZSI6IlJvbWFndWVyYSIsImlhdCI6MTcwMDI3NDg0M30.ruacTjs35Zr7mluP9ObbOmjhsAf6wo_ToiWAXUWeUlw",
    "userID": "6558229b42bd700014fd5ec2",
    "firstName": "Luciana"
}
HTTP/1.1 201 Created
Server: Cowboy
Report-To: {"group":"heroku-nel","max_age":3600,"endpoints":[{"url":"https://nel.heroku.com/reports?ts=1700274843&sid=812dcc77-0bd0-43b1-a5f1-b25750382959&s=vJmf5XQOvq5p5sObZhKOrpHUjPIyxpLkkvLKslmAdkI%3D"}]}
Reporting-Endpoints: heroku-nel=https://nel.heroku.com/reports?ts=1700274843&sid=812dcc77-0bd0-43b1-a5f1-b25750382959&s=vJmf5XQOvq5p5sObZhKOrpHUjPIyxpLkkvLKslmAdkI%3D
Nel: {"report_to":"heroku-nel","max_age":3600,"success_fraction":0.005,"failure_fraction":0.05,"response_headers":["Via"]}
Connection: keep-alive
X-Powered-By: Express
Access-Control-Allow-Origin: *
Set-Cookie: access_token=eyJhbGciOiJIUzI1NiIsInR5cCI6IkpXVCJ9.eyJpZCI6IjY1NTgyMjliNDJiZDcwMDAxNGZkNWVjNCIsImZpcnN0TmFtZSI6IkNoZXN0ZXIiLCJsYXN0TmFtZSI6IkFiYm90dCIsImlhdCI6MTcwMDI3NDg0M30.oInWn-VNsHr96nv55k38UgaGntdWhw7PmgOeRZWI3WE; Path=/
Set-Cookie: userID=j%3A%226558229b42bd700014fd5ec4%22; Path=/
Set-Cookie: firstName=Chester; Path=/
Content-Type: application/json; charset=utf-8
Content-Length: 281
Etag: W/"119-x1crHPCaX3ukl8+9Cxrd7adkQsM"
Date: Sat, 18 Nov 2023 02:34:03 GMT
Via: 1.1 vegur

{
    "access_token": "eyJhbGciOiJIUzI1NiIsInR5cCI6IkpXVCJ9.eyJpZCI6IjY1NTgyMjliNDJiZDcwMDAxNGZkNWVjNCIsImZpcnN0TmFtZSI6IkNoZXN0ZXIiLCJsYXN0TmFtZSI6IkFiYm90dCIsImlhdCI6MTcwMDI3NDg0M30.oInWn-VNsHr96nv55k38UgaGntdWhw7PmgOeRZWI3WE",
    "userID": "6558229b42bd700014fd5ec4",
    "firstName": "Chester"
}
HTTP/1.1 201 Created
Server: Cowboy
Report-To: {"group":"heroku-nel","max_age":3600,"endpoints":[{"url":"https://nel.heroku.com/reports?ts=1700274844&sid=812dcc77-0bd0-43b1-a5f1-b25750382959&s=p4dLWo7OYAplZNAt3taWIj8hA2JnFWOcbj7WKNhHpe8%3D"}]}
Reporting-Endpoints: heroku-nel=https://nel.heroku.com/reports?ts=1700274844&sid=812dcc77-0bd0-43b1-a5f1-b25750382959&s=p4dLWo7OYAplZNAt3taWIj8hA2JnFWOcbj7WKNhHpe8%3D
Nel: {"report_to":"heroku-nel","max_age":3600,"success_fraction":0.005,"failure_fraction":0.05,"response_headers":["Via"]}
Connection: keep-alive
X-Powered-By: Express
Access-Control-Allow-Origin: *
Content-Type: application/json; charset=utf-8
Content-Length: 161
Etag: W/"a1-ilk0kxA0njnXJvNtHrHuq60PFQ0"
Date: Sat, 18 Nov 2023 02:34:04 GMT
Via: 1.1 vegur

{
    "isCompleted": false,
    "_id": "6558229c42bd700014fd5ec6",
    "item": "Learn Selenium",
    "userID": "6558229b42bd700014fd5ec2",
    "createdAt": "2023-11-18T02:34:04.535Z",
    "__v": 0
}
Cookies Added
]]></system-out>
  </testcase>
  <testcase name="shouldBeAbleToDeleteTodo" classname="com.qacart.todo.tastcases.TodoTest" time="3.749"/>
</testsuite>