<?xml version="1.0" encoding="UTF-8"?>
<!-- Generated by org.testng.reporters.JUnitReportReporter -->
<testsuite hostname="192.168.1.4" failures="0" tests="2" name="com.qacart.todo.tastcases.TodoTest" time="11.684" errors="0" timestamp="2023-11-18T04:34:06 EET" skipped="0">
  <testcase classname="com.qacart.todo.tastcases.TodoTest" name="shouldBeAbleToAddNewTodo" time="5.742"/>
  <testcase classname="com.qacart.todo.tastcases.TodoTest" name="shouldBeAbleToDeleteTodo" time="5.942"/>
</testsuite> <!-- com.qacart.todo.tastcases.TodoTest -->
